[06/06/2019 22:00:59] [INFO] [_log] [_internal.py,  * Running on http://0.0.0.0:5000/ (Press CTRL+C to quit) ]
[06/06/2019 22:00:59] [INFO] [_log] [_internal.py,  * Restarting with stat ]
[06/06/2019 22:01:01] [WARNING] [_log] [_internal.py,  * Debugger is active! ]
[06/06/2019 22:01:01] [INFO] [_log] [_internal.py,  * Debugger PIN: 160-474-186 ]
[06/06/2019 22:01:18] [INFO] [_log] [_internal.py, 127.0.0.1 - - [06/Jun/2019 22:01:18] "GET /sign-up HTTP/1.1" 200 - ]
[06/06/2019 22:01:53] [INFO] [_log] [_internal.py, 127.0.0.1 - - [06/Jun/2019 22:01:53] "POST /sign-in HTTP/1.1" 302 - ]
[06/06/2019 22:01:53] [DEBUG] [_make_request] [connectionpool.py, http://localhost:None "GET /v1.35/containers/json?size=0&all=1&limit=-1&trunc_cmd=0 HTTP/1.1" 200 None ]
[06/06/2019 22:01:53] [DEBUG] [_make_request] [connectionpool.py, http://localhost:None "GET /v1.35/containers/4162d94a0e20beffb4e7e31215e331b6d085a99cf14c8668cf7f4280310705ed/json HTTP/1.1" 200 None ]
[06/06/2019 22:01:53] [DEBUG] [_make_request] [connectionpool.py, http://localhost:None "GET /v1.35/containers/dfb76609064ecf260f3e18894652a5817bac7c25f4cdfac79ad654bf22377e6d/json HTTP/1.1" 200 None ]
[06/06/2019 22:01:53] [DEBUG] [_make_request] [connectionpool.py, http://localhost:None "GET /v1.35/containers/6d0b258bbfb057a84b0ac81897999817516d585d88ba3b89e955731524ecff00/json HTTP/1.1" 200 None ]
[06/06/2019 22:01:53] [DEBUG] [_make_request] [connectionpool.py, http://localhost:None "GET /v1.35/containers/e4578b6801c8e7bb37ed3176b819d58c2956bae22fe54cefa2645e89f8c01a8b/json HTTP/1.1" 200 None ]
[06/06/2019 22:01:53] [DEBUG] [_make_request] [connectionpool.py, http://localhost:None "GET /v1.35/containers/828844f62366c18850a37b3a0b670aac28d0373bd9e57ce2c4d93fa108b5e14b/json HTTP/1.1" 200 None ]
[06/06/2019 22:01:53] [DEBUG] [_make_request] [connectionpool.py, http://localhost:None "GET /v1.35/containers/26baf63e57e4ec58178f4d916739b6c4a1dad446878a5d8c35d79cfc2277b64b/json HTTP/1.1" 200 None ]
[06/06/2019 22:01:53] [DEBUG] [get_docker] [docker.py, daniel@email.com acessou rota docker ]
[06/06/2019 22:01:53] [DEBUG] [_make_request] [connectionpool.py, http://localhost:None "GET /v1.35/images/6ee5a0cc5a131897294fe5db6f81df63edd0842b2c33c057e6402f7a5af90b7d/json HTTP/1.1" 200 None ]
[06/06/2019 22:01:53] [DEBUG] [_make_request] [connectionpool.py, http://localhost:None "GET /v1.35/images/7369c626f7ac61e918b04b787bd4e773f36960a6a90a3a6e2f8a4b24d5963f1a/json HTTP/1.1" 200 None ]
[06/06/2019 22:01:53] [DEBUG] [_make_request] [connectionpool.py, http://localhost:None "GET /v1.35/images/68fe508b6ef48a6dd7fce038b2166b6f5ef69e9551b5bf2ea44a90d8feb31f74/json HTTP/1.1" 200 None ]
[06/06/2019 22:01:53] [DEBUG] [_make_request] [connectionpool.py, http://localhost:None "GET /v1.35/images/68fe508b6ef48a6dd7fce038b2166b6f5ef69e9551b5bf2ea44a90d8feb31f74/json HTTP/1.1" 200 None ]
[06/06/2019 22:01:53] [DEBUG] [_make_request] [connectionpool.py, http://localhost:None "GET /v1.35/images/68fe508b6ef48a6dd7fce038b2166b6f5ef69e9551b5bf2ea44a90d8feb31f74/json HTTP/1.1" 200 None ]
[06/06/2019 22:01:53] [DEBUG] [_make_request] [connectionpool.py, http://localhost:None "GET /v1.35/images/68fe508b6ef48a6dd7fce038b2166b6f5ef69e9551b5bf2ea44a90d8feb31f74/json HTTP/1.1" 200 None ]
[06/06/2019 22:01:53] [INFO] [_log] [_internal.py, 127.0.0.1 - - [06/Jun/2019 22:01:53] "GET /docker HTTP/1.1" 200 - ]
[06/06/2019 22:03:44] [DEBUG] [_make_request] [connectionpool.py, http://localhost:None "GET /v1.35/containers/json?size=0&all=1&limit=-1&trunc_cmd=0 HTTP/1.1" 200 None ]
[06/06/2019 22:03:44] [DEBUG] [_make_request] [connectionpool.py, http://localhost:None "GET /v1.35/containers/4162d94a0e20beffb4e7e31215e331b6d085a99cf14c8668cf7f4280310705ed/json HTTP/1.1" 200 None ]
[06/06/2019 22:03:44] [DEBUG] [_make_request] [connectionpool.py, http://localhost:None "GET /v1.35/containers/dfb76609064ecf260f3e18894652a5817bac7c25f4cdfac79ad654bf22377e6d/json HTTP/1.1" 200 None ]
[06/06/2019 22:03:44] [DEBUG] [_make_request] [connectionpool.py, http://localhost:None "GET /v1.35/containers/6d0b258bbfb057a84b0ac81897999817516d585d88ba3b89e955731524ecff00/json HTTP/1.1" 200 None ]
[06/06/2019 22:03:44] [DEBUG] [_make_request] [connectionpool.py, http://localhost:None "GET /v1.35/containers/e4578b6801c8e7bb37ed3176b819d58c2956bae22fe54cefa2645e89f8c01a8b/json HTTP/1.1" 200 None ]
[06/06/2019 22:03:44] [DEBUG] [_make_request] [connectionpool.py, http://localhost:None "GET /v1.35/containers/828844f62366c18850a37b3a0b670aac28d0373bd9e57ce2c4d93fa108b5e14b/json HTTP/1.1" 200 None ]
[06/06/2019 22:03:44] [DEBUG] [_make_request] [connectionpool.py, http://localhost:None "GET /v1.35/containers/26baf63e57e4ec58178f4d916739b6c4a1dad446878a5d8c35d79cfc2277b64b/json HTTP/1.1" 200 None ]
[06/06/2019 22:03:44] [DEBUG] [get_docker] [docker.py, daniel@email.com acessou rota docker ]
[06/06/2019 22:03:44] [DEBUG] [_make_request] [connectionpool.py, http://localhost:None "GET /v1.35/images/6ee5a0cc5a131897294fe5db6f81df63edd0842b2c33c057e6402f7a5af90b7d/json HTTP/1.1" 200 None ]
[06/06/2019 22:03:44] [DEBUG] [_make_request] [connectionpool.py, http://localhost:None "GET /v1.35/images/7369c626f7ac61e918b04b787bd4e773f36960a6a90a3a6e2f8a4b24d5963f1a/json HTTP/1.1" 200 None ]
[06/06/2019 22:03:44] [DEBUG] [_make_request] [connectionpool.py, http://localhost:None "GET /v1.35/images/68fe508b6ef48a6dd7fce038b2166b6f5ef69e9551b5bf2ea44a90d8feb31f74/json HTTP/1.1" 200 None ]
[06/06/2019 22:03:44] [DEBUG] [_make_request] [connectionpool.py, http://localhost:None "GET /v1.35/images/68fe508b6ef48a6dd7fce038b2166b6f5ef69e9551b5bf2ea44a90d8feb31f74/json HTTP/1.1" 200 None ]
[06/06/2019 22:03:44] [DEBUG] [_make_request] [connectionpool.py, http://localhost:None "GET /v1.35/images/68fe508b6ef48a6dd7fce038b2166b6f5ef69e9551b5bf2ea44a90d8feb31f74/json HTTP/1.1" 200 None ]
[06/06/2019 22:03:44] [DEBUG] [_make_request] [connectionpool.py, http://localhost:None "GET /v1.35/images/68fe508b6ef48a6dd7fce038b2166b6f5ef69e9551b5bf2ea44a90d8feb31f74/json HTTP/1.1" 200 None ]
[06/06/2019 22:03:44] [INFO] [_log] [_internal.py, 127.0.0.1 - - [06/Jun/2019 22:03:44] "GET /docker HTTP/1.1" 200 - ]
[06/06/2019 22:03:46] [DEBUG] [_make_request] [connectionpool.py, http://localhost:None "GET /v1.35/containers/json?size=0&all=1&limit=-1&trunc_cmd=0 HTTP/1.1" 200 None ]
[06/06/2019 22:03:46] [DEBUG] [_make_request] [connectionpool.py, http://localhost:None "GET /v1.35/containers/4162d94a0e20beffb4e7e31215e331b6d085a99cf14c8668cf7f4280310705ed/json HTTP/1.1" 200 None ]
[06/06/2019 22:03:46] [DEBUG] [_make_request] [connectionpool.py, http://localhost:None "GET /v1.35/containers/dfb76609064ecf260f3e18894652a5817bac7c25f4cdfac79ad654bf22377e6d/json HTTP/1.1" 200 None ]
[06/06/2019 22:03:46] [DEBUG] [_make_request] [connectionpool.py, http://localhost:None "GET /v1.35/containers/6d0b258bbfb057a84b0ac81897999817516d585d88ba3b89e955731524ecff00/json HTTP/1.1" 200 None ]
[06/06/2019 22:03:46] [DEBUG] [_make_request] [connectionpool.py, http://localhost:None "GET /v1.35/containers/e4578b6801c8e7bb37ed3176b819d58c2956bae22fe54cefa2645e89f8c01a8b/json HTTP/1.1" 200 None ]
[06/06/2019 22:03:46] [DEBUG] [_make_request] [connectionpool.py, http://localhost:None "GET /v1.35/containers/828844f62366c18850a37b3a0b670aac28d0373bd9e57ce2c4d93fa108b5e14b/json HTTP/1.1" 200 None ]
[06/06/2019 22:03:46] [DEBUG] [_make_request] [connectionpool.py, http://localhost:None "GET /v1.35/containers/26baf63e57e4ec58178f4d916739b6c4a1dad446878a5d8c35d79cfc2277b64b/json HTTP/1.1" 200 None ]
[06/06/2019 22:03:46] [DEBUG] [get_docker] [docker.py, daniel@email.com acessou rota docker ]
[06/06/2019 22:03:46] [DEBUG] [_make_request] [connectionpool.py, http://localhost:None "GET /v1.35/images/6ee5a0cc5a131897294fe5db6f81df63edd0842b2c33c057e6402f7a5af90b7d/json HTTP/1.1" 200 None ]
[06/06/2019 22:03:46] [DEBUG] [_make_request] [connectionpool.py, http://localhost:None "GET /v1.35/images/7369c626f7ac61e918b04b787bd4e773f36960a6a90a3a6e2f8a4b24d5963f1a/json HTTP/1.1" 200 None ]
[06/06/2019 22:03:46] [DEBUG] [_make_request] [connectionpool.py, http://localhost:None "GET /v1.35/images/68fe508b6ef48a6dd7fce038b2166b6f5ef69e9551b5bf2ea44a90d8feb31f74/json HTTP/1.1" 200 None ]
[06/06/2019 22:03:46] [DEBUG] [_make_request] [connectionpool.py, http://localhost:None "GET /v1.35/images/68fe508b6ef48a6dd7fce038b2166b6f5ef69e9551b5bf2ea44a90d8feb31f74/json HTTP/1.1" 200 None ]
[06/06/2019 22:03:46] [DEBUG] [_make_request] [connectionpool.py, http://localhost:None "GET /v1.35/images/68fe508b6ef48a6dd7fce038b2166b6f5ef69e9551b5bf2ea44a90d8feb31f74/json HTTP/1.1" 200 None ]
[06/06/2019 22:03:46] [DEBUG] [_make_request] [connectionpool.py, http://localhost:None "GET /v1.35/images/68fe508b6ef48a6dd7fce038b2166b6f5ef69e9551b5bf2ea44a90d8feb31f74/json HTTP/1.1" 200 None ]
[06/06/2019 22:03:46] [INFO] [_log] [_internal.py, 127.0.0.1 - - [06/Jun/2019 22:03:46] "GET /docker HTTP/1.1" 200 - ]
[07/06/2019 19:12:50] [INFO] [_log] [_internal.py,  * Running on http://0.0.0.0:5000/ (Press CTRL+C to quit) ]
[07/06/2019 19:12:50] [INFO] [_log] [_internal.py,  * Restarting with stat ]
[07/06/2019 19:12:51] [WARNING] [_log] [_internal.py,  * Debugger is active! ]
[07/06/2019 19:12:51] [INFO] [_log] [_internal.py,  * Debugger PIN: 160-474-186 ]
[07/06/2019 19:13:01] [INFO] [_log] [_internal.py, 127.0.0.1 - - [07/Jun/2019 19:13:01] "GET /favicon.ico HTTP/1.1" 404 - ]
[07/06/2019 19:13:07] [INFO] [_log] [_internal.py, 127.0.0.1 - - [07/Jun/2019 19:13:07] "GET /sign-up HTTP/1.1" 200 - ]
[07/06/2019 19:18:30] [DEBUG] [_make_request] [connectionpool.py, http://localhost:None "GET /v1.35/containers/json?limit=-1&trunc_cmd=0&all=1&size=0 HTTP/1.1" 200 None ]
[07/06/2019 19:18:30] [DEBUG] [_make_request] [connectionpool.py, http://localhost:None "GET /v1.35/containers/4162d94a0e20beffb4e7e31215e331b6d085a99cf14c8668cf7f4280310705ed/json HTTP/1.1" 200 None ]
[07/06/2019 19:18:30] [DEBUG] [_make_request] [connectionpool.py, http://localhost:None "GET /v1.35/containers/dfb76609064ecf260f3e18894652a5817bac7c25f4cdfac79ad654bf22377e6d/json HTTP/1.1" 200 None ]
[07/06/2019 19:18:30] [DEBUG] [_make_request] [connectionpool.py, http://localhost:None "GET /v1.35/containers/6d0b258bbfb057a84b0ac81897999817516d585d88ba3b89e955731524ecff00/json HTTP/1.1" 200 None ]
[07/06/2019 19:18:30] [DEBUG] [_make_request] [connectionpool.py, http://localhost:None "GET /v1.35/containers/e4578b6801c8e7bb37ed3176b819d58c2956bae22fe54cefa2645e89f8c01a8b/json HTTP/1.1" 200 None ]
[07/06/2019 19:18:30] [DEBUG] [_make_request] [connectionpool.py, http://localhost:None "GET /v1.35/containers/828844f62366c18850a37b3a0b670aac28d0373bd9e57ce2c4d93fa108b5e14b/json HTTP/1.1" 200 None ]
[07/06/2019 19:18:30] [DEBUG] [_make_request] [connectionpool.py, http://localhost:None "GET /v1.35/containers/26baf63e57e4ec58178f4d916739b6c4a1dad446878a5d8c35d79cfc2277b64b/json HTTP/1.1" 200 None ]
[07/06/2019 19:18:30] [DEBUG] [get_docker] [docker.py, daniel@email.com acessou rota docker ]
[07/06/2019 19:18:30] [DEBUG] [_make_request] [connectionpool.py, http://localhost:None "GET /v1.35/images/6ee5a0cc5a131897294fe5db6f81df63edd0842b2c33c057e6402f7a5af90b7d/json HTTP/1.1" 200 None ]
[07/06/2019 19:18:30] [DEBUG] [_make_request] [connectionpool.py, http://localhost:None "GET /v1.35/images/7369c626f7ac61e918b04b787bd4e773f36960a6a90a3a6e2f8a4b24d5963f1a/json HTTP/1.1" 200 None ]
[07/06/2019 19:18:30] [DEBUG] [_make_request] [connectionpool.py, http://localhost:None "GET /v1.35/images/68fe508b6ef48a6dd7fce038b2166b6f5ef69e9551b5bf2ea44a90d8feb31f74/json HTTP/1.1" 200 None ]
[07/06/2019 19:18:30] [DEBUG] [_make_request] [connectionpool.py, http://localhost:None "GET /v1.35/images/68fe508b6ef48a6dd7fce038b2166b6f5ef69e9551b5bf2ea44a90d8feb31f74/json HTTP/1.1" 200 None ]
[07/06/2019 19:18:30] [DEBUG] [_make_request] [connectionpool.py, http://localhost:None "GET /v1.35/images/68fe508b6ef48a6dd7fce038b2166b6f5ef69e9551b5bf2ea44a90d8feb31f74/json HTTP/1.1" 200 None ]
[07/06/2019 19:18:30] [DEBUG] [_make_request] [connectionpool.py, http://localhost:None "GET /v1.35/images/68fe508b6ef48a6dd7fce038b2166b6f5ef69e9551b5bf2ea44a90d8feb31f74/json HTTP/1.1" 200 None ]
[07/06/2019 19:18:30] [INFO] [_log] [_internal.py, 127.0.0.1 - - [07/Jun/2019 19:18:30] "GET /docker HTTP/1.1" 200 - ]
[07/06/2019 19:19:57] [DEBUG] [_make_request] [connectionpool.py, http://localhost:None "GET /v1.35/containers/json?limit=-1&trunc_cmd=0&all=1&size=0 HTTP/1.1" 200 None ]
[07/06/2019 19:19:57] [DEBUG] [_make_request] [connectionpool.py, http://localhost:None "GET /v1.35/containers/4162d94a0e20beffb4e7e31215e331b6d085a99cf14c8668cf7f4280310705ed/json HTTP/1.1" 200 None ]
[07/06/2019 19:19:57] [DEBUG] [_make_request] [connectionpool.py, http://localhost:None "GET /v1.35/containers/dfb76609064ecf260f3e18894652a5817bac7c25f4cdfac79ad654bf22377e6d/json HTTP/1.1" 200 None ]
[07/06/2019 19:19:57] [DEBUG] [_make_request] [connectionpool.py, http://localhost:None "GET /v1.35/containers/6d0b258bbfb057a84b0ac81897999817516d585d88ba3b89e955731524ecff00/json HTTP/1.1" 200 None ]
[07/06/2019 19:19:57] [DEBUG] [_make_request] [connectionpool.py, http://localhost:None "GET /v1.35/containers/e4578b6801c8e7bb37ed3176b819d58c2956bae22fe54cefa2645e89f8c01a8b/json HTTP/1.1" 200 None ]
[07/06/2019 19:19:57] [DEBUG] [_make_request] [connectionpool.py, http://localhost:None "GET /v1.35/containers/828844f62366c18850a37b3a0b670aac28d0373bd9e57ce2c4d93fa108b5e14b/json HTTP/1.1" 200 None ]
[07/06/2019 19:19:57] [DEBUG] [_make_request] [connectionpool.py, http://localhost:None "GET /v1.35/containers/26baf63e57e4ec58178f4d916739b6c4a1dad446878a5d8c35d79cfc2277b64b/json HTTP/1.1" 200 None ]
[07/06/2019 19:19:57] [DEBUG] [get_docker] [docker.py, daniel@email.com acessou rota docker ]
[07/06/2019 19:19:57] [DEBUG] [_make_request] [connectionpool.py, http://localhost:None "GET /v1.35/images/6ee5a0cc5a131897294fe5db6f81df63edd0842b2c33c057e6402f7a5af90b7d/json HTTP/1.1" 200 None ]
[07/06/2019 19:19:57] [DEBUG] [_make_request] [connectionpool.py, http://localhost:None "GET /v1.35/images/7369c626f7ac61e918b04b787bd4e773f36960a6a90a3a6e2f8a4b24d5963f1a/json HTTP/1.1" 200 None ]
[07/06/2019 19:19:57] [DEBUG] [_make_request] [connectionpool.py, http://localhost:None "GET /v1.35/images/68fe508b6ef48a6dd7fce038b2166b6f5ef69e9551b5bf2ea44a90d8feb31f74/json HTTP/1.1" 200 None ]
[07/06/2019 19:19:57] [DEBUG] [_make_request] [connectionpool.py, http://localhost:None "GET /v1.35/images/68fe508b6ef48a6dd7fce038b2166b6f5ef69e9551b5bf2ea44a90d8feb31f74/json HTTP/1.1" 200 None ]
[07/06/2019 19:19:57] [DEBUG] [_make_request] [connectionpool.py, http://localhost:None "GET /v1.35/images/68fe508b6ef48a6dd7fce038b2166b6f5ef69e9551b5bf2ea44a90d8feb31f74/json HTTP/1.1" 200 None ]
[07/06/2019 19:19:57] [DEBUG] [_make_request] [connectionpool.py, http://localhost:None "GET /v1.35/images/68fe508b6ef48a6dd7fce038b2166b6f5ef69e9551b5bf2ea44a90d8feb31f74/json HTTP/1.1" 200 None ]
[07/06/2019 19:19:57] [INFO] [_log] [_internal.py, 127.0.0.1 - - [07/Jun/2019 19:19:57] "GET /docker HTTP/1.1" 200 - ]
[07/06/2019 19:20:35] [DEBUG] [_make_request] [connectionpool.py, http://localhost:None "GET /v1.35/containers/json?limit=-1&trunc_cmd=0&all=1&size=0 HTTP/1.1" 200 None ]
[07/06/2019 19:20:35] [DEBUG] [_make_request] [connectionpool.py, http://localhost:None "GET /v1.35/containers/4162d94a0e20beffb4e7e31215e331b6d085a99cf14c8668cf7f4280310705ed/json HTTP/1.1" 200 None ]
[07/06/2019 19:20:35] [DEBUG] [_make_request] [connectionpool.py, http://localhost:None "GET /v1.35/containers/dfb76609064ecf260f3e18894652a5817bac7c25f4cdfac79ad654bf22377e6d/json HTTP/1.1" 200 None ]
[07/06/2019 19:20:35] [DEBUG] [_make_request] [connectionpool.py, http://localhost:None "GET /v1.35/containers/6d0b258bbfb057a84b0ac81897999817516d585d88ba3b89e955731524ecff00/json HTTP/1.1" 200 None ]
[07/06/2019 19:20:35] [DEBUG] [_make_request] [connectionpool.py, http://localhost:None "GET /v1.35/containers/e4578b6801c8e7bb37ed3176b819d58c2956bae22fe54cefa2645e89f8c01a8b/json HTTP/1.1" 200 None ]
[07/06/2019 19:20:35] [DEBUG] [_make_request] [connectionpool.py, http://localhost:None "GET /v1.35/containers/828844f62366c18850a37b3a0b670aac28d0373bd9e57ce2c4d93fa108b5e14b/json HTTP/1.1" 200 None ]
[07/06/2019 19:20:35] [DEBUG] [_make_request] [connectionpool.py, http://localhost:None "GET /v1.35/containers/26baf63e57e4ec58178f4d916739b6c4a1dad446878a5d8c35d79cfc2277b64b/json HTTP/1.1" 200 None ]
[07/06/2019 19:20:35] [DEBUG] [get_docker] [docker.py, daniel@email.com acessou rota docker ]
[07/06/2019 19:20:35] [DEBUG] [_make_request] [connectionpool.py, http://localhost:None "GET /v1.35/images/6ee5a0cc5a131897294fe5db6f81df63edd0842b2c33c057e6402f7a5af90b7d/json HTTP/1.1" 200 None ]
[07/06/2019 19:20:35] [DEBUG] [_make_request] [connectionpool.py, http://localhost:None "GET /v1.35/images/7369c626f7ac61e918b04b787bd4e773f36960a6a90a3a6e2f8a4b24d5963f1a/json HTTP/1.1" 200 None ]
[07/06/2019 19:20:35] [DEBUG] [_make_request] [connectionpool.py, http://localhost:None "GET /v1.35/images/68fe508b6ef48a6dd7fce038b2166b6f5ef69e9551b5bf2ea44a90d8feb31f74/json HTTP/1.1" 200 None ]
[07/06/2019 19:20:35] [DEBUG] [_make_request] [connectionpool.py, http://localhost:None "GET /v1.35/images/68fe508b6ef48a6dd7fce038b2166b6f5ef69e9551b5bf2ea44a90d8feb31f74/json HTTP/1.1" 200 None ]
[07/06/2019 19:20:35] [DEBUG] [_make_request] [connectionpool.py, http://localhost:None "GET /v1.35/images/68fe508b6ef48a6dd7fce038b2166b6f5ef69e9551b5bf2ea44a90d8feb31f74/json HTTP/1.1" 200 None ]
[07/06/2019 19:20:36] [DEBUG] [_make_request] [connectionpool.py, http://localhost:None "GET /v1.35/images/68fe508b6ef48a6dd7fce038b2166b6f5ef69e9551b5bf2ea44a90d8feb31f74/json HTTP/1.1" 200 None ]
[07/06/2019 19:20:36] [INFO] [_log] [_internal.py, 127.0.0.1 - - [07/Jun/2019 19:20:36] "GET /docker HTTP/1.1" 200 - ]
[07/06/2019 19:20:38] [DEBUG] [_make_request] [connectionpool.py, http://localhost:None "GET /v1.35/containers/json?limit=-1&trunc_cmd=0&all=1&size=0 HTTP/1.1" 200 None ]
[07/06/2019 19:20:38] [DEBUG] [_make_request] [connectionpool.py, http://localhost:None "GET /v1.35/containers/4162d94a0e20beffb4e7e31215e331b6d085a99cf14c8668cf7f4280310705ed/json HTTP/1.1" 200 None ]
[07/06/2019 19:20:38] [DEBUG] [_make_request] [connectionpool.py, http://localhost:None "GET /v1.35/containers/dfb76609064ecf260f3e18894652a5817bac7c25f4cdfac79ad654bf22377e6d/json HTTP/1.1" 200 None ]
[07/06/2019 19:20:38] [DEBUG] [_make_request] [connectionpool.py, http://localhost:None "GET /v1.35/containers/6d0b258bbfb057a84b0ac81897999817516d585d88ba3b89e955731524ecff00/json HTTP/1.1" 200 None ]
[07/06/2019 19:20:38] [DEBUG] [_make_request] [connectionpool.py, http://localhost:None "GET /v1.35/containers/e4578b6801c8e7bb37ed3176b819d58c2956bae22fe54cefa2645e89f8c01a8b/json HTTP/1.1" 200 None ]
[07/06/2019 19:20:38] [DEBUG] [_make_request] [connectionpool.py, http://localhost:None "GET /v1.35/containers/828844f62366c18850a37b3a0b670aac28d0373bd9e57ce2c4d93fa108b5e14b/json HTTP/1.1" 200 None ]
[07/06/2019 19:20:38] [DEBUG] [_make_request] [connectionpool.py, http://localhost:None "GET /v1.35/containers/26baf63e57e4ec58178f4d916739b6c4a1dad446878a5d8c35d79cfc2277b64b/json HTTP/1.1" 200 None ]
[07/06/2019 19:20:38] [DEBUG] [get_docker] [docker.py, daniel@email.com acessou rota docker ]
[07/06/2019 19:20:38] [DEBUG] [_make_request] [connectionpool.py, http://localhost:None "GET /v1.35/images/6ee5a0cc5a131897294fe5db6f81df63edd0842b2c33c057e6402f7a5af90b7d/json HTTP/1.1" 200 None ]
[07/06/2019 19:20:38] [DEBUG] [_make_request] [connectionpool.py, http://localhost:None "GET /v1.35/images/7369c626f7ac61e918b04b787bd4e773f36960a6a90a3a6e2f8a4b24d5963f1a/json HTTP/1.1" 200 None ]
[07/06/2019 19:20:38] [DEBUG] [_make_request] [connectionpool.py, http://localhost:None "GET /v1.35/images/68fe508b6ef48a6dd7fce038b2166b6f5ef69e9551b5bf2ea44a90d8feb31f74/json HTTP/1.1" 200 None ]
[07/06/2019 19:20:38] [DEBUG] [_make_request] [connectionpool.py, http://localhost:None "GET /v1.35/images/68fe508b6ef48a6dd7fce038b2166b6f5ef69e9551b5bf2ea44a90d8feb31f74/json HTTP/1.1" 200 None ]
[07/06/2019 19:20:38] [DEBUG] [_make_request] [connectionpool.py, http://localhost:None "GET /v1.35/images/68fe508b6ef48a6dd7fce038b2166b6f5ef69e9551b5bf2ea44a90d8feb31f74/json HTTP/1.1" 200 None ]
[07/06/2019 19:20:38] [DEBUG] [_make_request] [connectionpool.py, http://localhost:None "GET /v1.35/images/68fe508b6ef48a6dd7fce038b2166b6f5ef69e9551b5bf2ea44a90d8feb31f74/json HTTP/1.1" 200 None ]
[07/06/2019 19:20:38] [INFO] [_log] [_internal.py, 127.0.0.1 - - [07/Jun/2019 19:20:38] "GET /docker HTTP/1.1" 200 - ]
[07/06/2019 19:22:57] [DEBUG] [_make_request] [connectionpool.py, http://localhost:None "GET /v1.35/containers/json?limit=-1&trunc_cmd=0&all=1&size=0 HTTP/1.1" 200 None ]
[07/06/2019 19:22:57] [DEBUG] [_make_request] [connectionpool.py, http://localhost:None "GET /v1.35/containers/4162d94a0e20beffb4e7e31215e331b6d085a99cf14c8668cf7f4280310705ed/json HTTP/1.1" 200 None ]
[07/06/2019 19:22:57] [DEBUG] [_make_request] [connectionpool.py, http://localhost:None "GET /v1.35/containers/dfb76609064ecf260f3e18894652a5817bac7c25f4cdfac79ad654bf22377e6d/json HTTP/1.1" 200 None ]
[07/06/2019 19:22:57] [DEBUG] [_make_request] [connectionpool.py, http://localhost:None "GET /v1.35/containers/6d0b258bbfb057a84b0ac81897999817516d585d88ba3b89e955731524ecff00/json HTTP/1.1" 200 None ]
[07/06/2019 19:22:57] [DEBUG] [_make_request] [connectionpool.py, http://localhost:None "GET /v1.35/containers/e4578b6801c8e7bb37ed3176b819d58c2956bae22fe54cefa2645e89f8c01a8b/json HTTP/1.1" 200 None ]
[07/06/2019 19:22:57] [DEBUG] [_make_request] [connectionpool.py, http://localhost:None "GET /v1.35/containers/828844f62366c18850a37b3a0b670aac28d0373bd9e57ce2c4d93fa108b5e14b/json HTTP/1.1" 200 None ]
[07/06/2019 19:22:57] [DEBUG] [_make_request] [connectionpool.py, http://localhost:None "GET /v1.35/containers/26baf63e57e4ec58178f4d916739b6c4a1dad446878a5d8c35d79cfc2277b64b/json HTTP/1.1" 200 None ]
[07/06/2019 19:22:57] [DEBUG] [get_docker] [docker.py, daniel@email.com acessou rota docker ]
[07/06/2019 19:22:57] [DEBUG] [_make_request] [connectionpool.py, http://localhost:None "GET /v1.35/images/6ee5a0cc5a131897294fe5db6f81df63edd0842b2c33c057e6402f7a5af90b7d/json HTTP/1.1" 200 None ]
[07/06/2019 19:22:57] [DEBUG] [_make_request] [connectionpool.py, http://localhost:None "GET /v1.35/images/7369c626f7ac61e918b04b787bd4e773f36960a6a90a3a6e2f8a4b24d5963f1a/json HTTP/1.1" 200 None ]
[07/06/2019 19:22:57] [DEBUG] [_make_request] [connectionpool.py, http://localhost:None "GET /v1.35/images/68fe508b6ef48a6dd7fce038b2166b6f5ef69e9551b5bf2ea44a90d8feb31f74/json HTTP/1.1" 200 None ]
[07/06/2019 19:22:57] [DEBUG] [_make_request] [connectionpool.py, http://localhost:None "GET /v1.35/images/68fe508b6ef48a6dd7fce038b2166b6f5ef69e9551b5bf2ea44a90d8feb31f74/json HTTP/1.1" 200 None ]
[07/06/2019 19:22:57] [DEBUG] [_make_request] [connectionpool.py, http://localhost:None "GET /v1.35/images/68fe508b6ef48a6dd7fce038b2166b6f5ef69e9551b5bf2ea44a90d8feb31f74/json HTTP/1.1" 200 None ]
[07/06/2019 19:22:57] [DEBUG] [_make_request] [connectionpool.py, http://localhost:None "GET /v1.35/images/68fe508b6ef48a6dd7fce038b2166b6f5ef69e9551b5bf2ea44a90d8feb31f74/json HTTP/1.1" 200 None ]
[07/06/2019 19:22:57] [INFO] [_log] [_internal.py, 127.0.0.1 - - [07/Jun/2019 19:22:57] "GET /docker HTTP/1.1" 200 - ]
[07/06/2019 19:23:00] [INFO] [_log] [_internal.py, 127.0.0.1 - - [07/Jun/2019 19:23:00] "GET /sign-out HTTP/1.1" 302 - ]
[07/06/2019 19:23:01] [INFO] [_log] [_internal.py, 127.0.0.1 - - [07/Jun/2019 19:23:01] "GET /sign-in HTTP/1.1" 200 - ]
[07/06/2019 19:23:46] [INFO] [_log] [_internal.py, 127.0.0.1 - - [07/Jun/2019 19:23:46] "POST /sign-in HTTP/1.1" 302 - ]
[07/06/2019 19:23:46] [DEBUG] [_make_request] [connectionpool.py, http://localhost:None "GET /v1.35/containers/json?limit=-1&trunc_cmd=0&all=1&size=0 HTTP/1.1" 200 None ]
[07/06/2019 19:23:46] [DEBUG] [_make_request] [connectionpool.py, http://localhost:None "GET /v1.35/containers/4162d94a0e20beffb4e7e31215e331b6d085a99cf14c8668cf7f4280310705ed/json HTTP/1.1" 200 None ]
[07/06/2019 19:23:46] [DEBUG] [_make_request] [connectionpool.py, http://localhost:None "GET /v1.35/containers/dfb76609064ecf260f3e18894652a5817bac7c25f4cdfac79ad654bf22377e6d/json HTTP/1.1" 200 None ]
[07/06/2019 19:23:46] [DEBUG] [_make_request] [connectionpool.py, http://localhost:None "GET /v1.35/containers/6d0b258bbfb057a84b0ac81897999817516d585d88ba3b89e955731524ecff00/json HTTP/1.1" 200 None ]
[07/06/2019 19:23:46] [DEBUG] [_make_request] [connectionpool.py, http://localhost:None "GET /v1.35/containers/e4578b6801c8e7bb37ed3176b819d58c2956bae22fe54cefa2645e89f8c01a8b/json HTTP/1.1" 200 None ]
[07/06/2019 19:23:46] [DEBUG] [_make_request] [connectionpool.py, http://localhost:None "GET /v1.35/containers/828844f62366c18850a37b3a0b670aac28d0373bd9e57ce2c4d93fa108b5e14b/json HTTP/1.1" 200 None ]
[07/06/2019 19:23:46] [DEBUG] [_make_request] [connectionpool.py, http://localhost:None "GET /v1.35/containers/26baf63e57e4ec58178f4d916739b6c4a1dad446878a5d8c35d79cfc2277b64b/json HTTP/1.1" 200 None ]
[07/06/2019 19:23:46] [DEBUG] [get_docker] [docker.py, daniel@email.com acessou rota docker ]
[07/06/2019 19:23:46] [DEBUG] [_make_request] [connectionpool.py, http://localhost:None "GET /v1.35/images/6ee5a0cc5a131897294fe5db6f81df63edd0842b2c33c057e6402f7a5af90b7d/json HTTP/1.1" 200 None ]
[07/06/2019 19:23:46] [DEBUG] [_make_request] [connectionpool.py, http://localhost:None "GET /v1.35/images/7369c626f7ac61e918b04b787bd4e773f36960a6a90a3a6e2f8a4b24d5963f1a/json HTTP/1.1" 200 None ]
[07/06/2019 19:23:46] [DEBUG] [_make_request] [connectionpool.py, http://localhost:None "GET /v1.35/images/68fe508b6ef48a6dd7fce038b2166b6f5ef69e9551b5bf2ea44a90d8feb31f74/json HTTP/1.1" 200 None ]
[07/06/2019 19:23:46] [DEBUG] [_make_request] [connectionpool.py, http://localhost:None "GET /v1.35/images/68fe508b6ef48a6dd7fce038b2166b6f5ef69e9551b5bf2ea44a90d8feb31f74/json HTTP/1.1" 200 None ]
[07/06/2019 19:23:46] [DEBUG] [_make_request] [connectionpool.py, http://localhost:None "GET /v1.35/images/68fe508b6ef48a6dd7fce038b2166b6f5ef69e9551b5bf2ea44a90d8feb31f74/json HTTP/1.1" 200 None ]
[07/06/2019 19:23:46] [DEBUG] [_make_request] [connectionpool.py, http://localhost:None "GET /v1.35/images/68fe508b6ef48a6dd7fce038b2166b6f5ef69e9551b5bf2ea44a90d8feb31f74/json HTTP/1.1" 200 None ]
[07/06/2019 19:23:46] [INFO] [_log] [_internal.py, 127.0.0.1 - - [07/Jun/2019 19:23:46] "GET /docker HTTP/1.1" 200 - ]
[07/06/2019 19:23:52] [INFO] [_log] [_internal.py, 127.0.0.1 - - [07/Jun/2019 19:23:52] "GET /sign-out HTTP/1.1" 302 - ]
[07/06/2019 19:23:52] [INFO] [_log] [_internal.py, 127.0.0.1 - - [07/Jun/2019 19:23:52] "GET /sign-in HTTP/1.1" 200 - ]
[07/06/2019 19:24:09] [INFO] [_log] [_internal.py, 127.0.0.1 - - [07/Jun/2019 19:24:09] "GET /gitlab HTTP/1.1" 302 - ]
[07/06/2019 19:24:09] [INFO] [_log] [_internal.py, 127.0.0.1 - - [07/Jun/2019 19:24:09] "GET /sign-in HTTP/1.1" 200 - ]
[07/06/2019 19:25:02] [INFO] [_log] [_internal.py, 127.0.0.1 - - [07/Jun/2019 19:25:02] "POST /sign-in HTTP/1.1" 302 - ]
[07/06/2019 19:25:02] [DEBUG] [_make_request] [connectionpool.py, http://localhost:None "GET /v1.35/containers/json?limit=-1&trunc_cmd=0&all=1&size=0 HTTP/1.1" 200 None ]
[07/06/2019 19:25:02] [DEBUG] [_make_request] [connectionpool.py, http://localhost:None "GET /v1.35/containers/4162d94a0e20beffb4e7e31215e331b6d085a99cf14c8668cf7f4280310705ed/json HTTP/1.1" 200 None ]
[07/06/2019 19:25:02] [DEBUG] [_make_request] [connectionpool.py, http://localhost:None "GET /v1.35/containers/dfb76609064ecf260f3e18894652a5817bac7c25f4cdfac79ad654bf22377e6d/json HTTP/1.1" 200 None ]
[07/06/2019 19:25:02] [DEBUG] [_make_request] [connectionpool.py, http://localhost:None "GET /v1.35/containers/6d0b258bbfb057a84b0ac81897999817516d585d88ba3b89e955731524ecff00/json HTTP/1.1" 200 None ]
[07/06/2019 19:25:02] [DEBUG] [_make_request] [connectionpool.py, http://localhost:None "GET /v1.35/containers/e4578b6801c8e7bb37ed3176b819d58c2956bae22fe54cefa2645e89f8c01a8b/json HTTP/1.1" 200 None ]
[07/06/2019 19:25:02] [DEBUG] [_make_request] [connectionpool.py, http://localhost:None "GET /v1.35/containers/828844f62366c18850a37b3a0b670aac28d0373bd9e57ce2c4d93fa108b5e14b/json HTTP/1.1" 200 None ]
[07/06/2019 19:25:02] [DEBUG] [_make_request] [connectionpool.py, http://localhost:None "GET /v1.35/containers/26baf63e57e4ec58178f4d916739b6c4a1dad446878a5d8c35d79cfc2277b64b/json HTTP/1.1" 200 None ]
[07/06/2019 19:25:02] [DEBUG] [get_docker] [docker.py, daniel@email.com acessou rota docker ]
[07/06/2019 19:25:02] [DEBUG] [_make_request] [connectionpool.py, http://localhost:None "GET /v1.35/images/6ee5a0cc5a131897294fe5db6f81df63edd0842b2c33c057e6402f7a5af90b7d/json HTTP/1.1" 200 None ]
[07/06/2019 19:25:02] [DEBUG] [_make_request] [connectionpool.py, http://localhost:None "GET /v1.35/images/7369c626f7ac61e918b04b787bd4e773f36960a6a90a3a6e2f8a4b24d5963f1a/json HTTP/1.1" 200 None ]
[07/06/2019 19:25:02] [DEBUG] [_make_request] [connectionpool.py, http://localhost:None "GET /v1.35/images/68fe508b6ef48a6dd7fce038b2166b6f5ef69e9551b5bf2ea44a90d8feb31f74/json HTTP/1.1" 200 None ]
[07/06/2019 19:25:02] [DEBUG] [_make_request] [connectionpool.py, http://localhost:None "GET /v1.35/images/68fe508b6ef48a6dd7fce038b2166b6f5ef69e9551b5bf2ea44a90d8feb31f74/json HTTP/1.1" 200 None ]
[07/06/2019 19:25:02] [DEBUG] [_make_request] [connectionpool.py, http://localhost:None "GET /v1.35/images/68fe508b6ef48a6dd7fce038b2166b6f5ef69e9551b5bf2ea44a90d8feb31f74/json HTTP/1.1" 200 None ]
[07/06/2019 19:25:02] [DEBUG] [_make_request] [connectionpool.py, http://localhost:None "GET /v1.35/images/68fe508b6ef48a6dd7fce038b2166b6f5ef69e9551b5bf2ea44a90d8feb31f74/json HTTP/1.1" 200 None ]
[07/06/2019 19:25:02] [INFO] [_log] [_internal.py, 127.0.0.1 - - [07/Jun/2019 19:25:02] "GET /docker HTTP/1.1" 200 - ]
[07/06/2019 19:25:07] [DEBUG] [_new_conn] [connectionpool.py, Starting new HTTPS connection (1): gitlab.com:443 ]
[07/06/2019 19:25:08] [DEBUG] [_make_request] [connectionpool.py, https://gitlab.com:443 "GET /api/v4/projects?owned=true&private_token=_zxjndwab2ifAqm56mzR HTTP/1.1" 200 4697 ]
[07/06/2019 19:25:08] [DEBUG] [_new_conn] [connectionpool.py, Starting new HTTPS connection (1): gitlab.com:443 ]
[07/06/2019 19:25:09] [DEBUG] [_make_request] [connectionpool.py, https://gitlab.com:443 "GET /api/v4/projects/12680269/repository/commits?owned=true&private_token=_zxjndwab2ifAqm56mzR HTTP/1.1" 200 3081 ]
[07/06/2019 19:25:09] [INFO] [_log] [_internal.py, 127.0.0.1 - - [07/Jun/2019 19:25:09] "GET /gitlab HTTP/1.1" 200 - ]
[07/06/2019 19:25:11] [DEBUG] [_make_request] [connectionpool.py, http://localhost:None "GET /v1.35/containers/json?limit=-1&trunc_cmd=0&all=1&size=0 HTTP/1.1" 200 None ]
[07/06/2019 19:25:11] [DEBUG] [_make_request] [connectionpool.py, http://localhost:None "GET /v1.35/containers/4162d94a0e20beffb4e7e31215e331b6d085a99cf14c8668cf7f4280310705ed/json HTTP/1.1" 200 None ]
[07/06/2019 19:25:11] [DEBUG] [_make_request] [connectionpool.py, http://localhost:None "GET /v1.35/containers/dfb76609064ecf260f3e18894652a5817bac7c25f4cdfac79ad654bf22377e6d/json HTTP/1.1" 200 None ]
[07/06/2019 19:25:11] [DEBUG] [_make_request] [connectionpool.py, http://localhost:None "GET /v1.35/containers/6d0b258bbfb057a84b0ac81897999817516d585d88ba3b89e955731524ecff00/json HTTP/1.1" 200 None ]
[07/06/2019 19:25:11] [DEBUG] [_make_request] [connectionpool.py, http://localhost:None "GET /v1.35/containers/e4578b6801c8e7bb37ed3176b819d58c2956bae22fe54cefa2645e89f8c01a8b/json HTTP/1.1" 200 None ]
[07/06/2019 19:25:11] [DEBUG] [_make_request] [connectionpool.py, http://localhost:None "GET /v1.35/containers/828844f62366c18850a37b3a0b670aac28d0373bd9e57ce2c4d93fa108b5e14b/json HTTP/1.1" 200 None ]
[07/06/2019 19:25:11] [DEBUG] [_make_request] [connectionpool.py, http://localhost:None "GET /v1.35/containers/26baf63e57e4ec58178f4d916739b6c4a1dad446878a5d8c35d79cfc2277b64b/json HTTP/1.1" 200 None ]
[07/06/2019 19:25:11] [DEBUG] [get_docker] [docker.py, daniel@email.com acessou rota docker ]
[07/06/2019 19:25:11] [DEBUG] [_make_request] [connectionpool.py, http://localhost:None "GET /v1.35/images/6ee5a0cc5a131897294fe5db6f81df63edd0842b2c33c057e6402f7a5af90b7d/json HTTP/1.1" 200 None ]
[07/06/2019 19:25:11] [DEBUG] [_make_request] [connectionpool.py, http://localhost:None "GET /v1.35/images/7369c626f7ac61e918b04b787bd4e773f36960a6a90a3a6e2f8a4b24d5963f1a/json HTTP/1.1" 200 None ]
[07/06/2019 19:25:11] [DEBUG] [_make_request] [connectionpool.py, http://localhost:None "GET /v1.35/images/68fe508b6ef48a6dd7fce038b2166b6f5ef69e9551b5bf2ea44a90d8feb31f74/json HTTP/1.1" 200 None ]
[07/06/2019 19:25:11] [DEBUG] [_make_request] [connectionpool.py, http://localhost:None "GET /v1.35/images/68fe508b6ef48a6dd7fce038b2166b6f5ef69e9551b5bf2ea44a90d8feb31f74/json HTTP/1.1" 200 None ]
[07/06/2019 19:25:11] [DEBUG] [_make_request] [connectionpool.py, http://localhost:None "GET /v1.35/images/68fe508b6ef48a6dd7fce038b2166b6f5ef69e9551b5bf2ea44a90d8feb31f74/json HTTP/1.1" 200 None ]
[07/06/2019 19:25:11] [DEBUG] [_make_request] [connectionpool.py, http://localhost:None "GET /v1.35/images/68fe508b6ef48a6dd7fce038b2166b6f5ef69e9551b5bf2ea44a90d8feb31f74/json HTTP/1.1" 200 None ]
[07/06/2019 19:25:11] [INFO] [_log] [_internal.py, 127.0.0.1 - - [07/Jun/2019 19:25:11] "GET /docker HTTP/1.1" 200 - ]
[07/06/2019 19:25:13] [DEBUG] [_new_conn] [connectionpool.py, Starting new HTTPS connection (1): gitlab.com:443 ]
[07/06/2019 19:25:14] [DEBUG] [_make_request] [connectionpool.py, https://gitlab.com:443 "GET /api/v4/projects?owned=true&private_token=_zxjndwab2ifAqm56mzR HTTP/1.1" 200 4697 ]
[07/06/2019 19:25:14] [DEBUG] [_new_conn] [connectionpool.py, Starting new HTTPS connection (1): gitlab.com:443 ]
[07/06/2019 19:25:14] [DEBUG] [_make_request] [connectionpool.py, https://gitlab.com:443 "GET /api/v4/projects/12680269/repository/commits?owned=true&private_token=_zxjndwab2ifAqm56mzR HTTP/1.1" 200 3081 ]
[07/06/2019 19:25:14] [INFO] [_log] [_internal.py, 127.0.0.1 - - [07/Jun/2019 19:25:14] "GET /gitlab HTTP/1.1" 200 - ]
[07/06/2019 19:25:16] [INFO] [_log] [_internal.py, 127.0.0.1 - - [07/Jun/2019 19:25:16] "GET /sign-out HTTP/1.1" 302 - ]
[07/06/2019 19:25:16] [INFO] [_log] [_internal.py, 127.0.0.1 - - [07/Jun/2019 19:25:16] "GET /sign-in HTTP/1.1" 200 - ]
[07/06/2019 19:34:22] [INFO] [_log] [_internal.py, 127.0.0.1 - - [07/Jun/2019 19:34:22] "GET /sign-in HTTP/1.1" 200 - ]
[07/06/2019 19:55:52] [INFO] [_log] [_internal.py, 127.0.0.1 - - [07/Jun/2019 19:55:52] "POST /sign-in HTTP/1.1" 302 - ]
[07/06/2019 19:55:52] [DEBUG] [_make_request] [connectionpool.py, http://localhost:None "GET /v1.35/containers/json?limit=-1&trunc_cmd=0&all=1&size=0 HTTP/1.1" 200 None ]
[07/06/2019 19:55:52] [DEBUG] [_make_request] [connectionpool.py, http://localhost:None "GET /v1.35/containers/4162d94a0e20beffb4e7e31215e331b6d085a99cf14c8668cf7f4280310705ed/json HTTP/1.1" 200 None ]
[07/06/2019 19:55:52] [DEBUG] [_make_request] [connectionpool.py, http://localhost:None "GET /v1.35/containers/dfb76609064ecf260f3e18894652a5817bac7c25f4cdfac79ad654bf22377e6d/json HTTP/1.1" 200 None ]
[07/06/2019 19:55:52] [DEBUG] [_make_request] [connectionpool.py, http://localhost:None "GET /v1.35/containers/6d0b258bbfb057a84b0ac81897999817516d585d88ba3b89e955731524ecff00/json HTTP/1.1" 200 None ]
[07/06/2019 19:55:52] [DEBUG] [_make_request] [connectionpool.py, http://localhost:None "GET /v1.35/containers/e4578b6801c8e7bb37ed3176b819d58c2956bae22fe54cefa2645e89f8c01a8b/json HTTP/1.1" 200 None ]
[07/06/2019 19:55:52] [DEBUG] [_make_request] [connectionpool.py, http://localhost:None "GET /v1.35/containers/828844f62366c18850a37b3a0b670aac28d0373bd9e57ce2c4d93fa108b5e14b/json HTTP/1.1" 200 None ]
[07/06/2019 19:55:52] [DEBUG] [_make_request] [connectionpool.py, http://localhost:None "GET /v1.35/containers/26baf63e57e4ec58178f4d916739b6c4a1dad446878a5d8c35d79cfc2277b64b/json HTTP/1.1" 200 None ]
[07/06/2019 19:55:52] [DEBUG] [get_docker] [docker.py, jose@email.com acessou rota docker ]
[07/06/2019 19:55:52] [DEBUG] [_make_request] [connectionpool.py, http://localhost:None "GET /v1.35/images/6ee5a0cc5a131897294fe5db6f81df63edd0842b2c33c057e6402f7a5af90b7d/json HTTP/1.1" 200 None ]
[07/06/2019 19:55:52] [DEBUG] [_make_request] [connectionpool.py, http://localhost:None "GET /v1.35/images/7369c626f7ac61e918b04b787bd4e773f36960a6a90a3a6e2f8a4b24d5963f1a/json HTTP/1.1" 200 None ]
[07/06/2019 19:55:52] [DEBUG] [_make_request] [connectionpool.py, http://localhost:None "GET /v1.35/images/68fe508b6ef48a6dd7fce038b2166b6f5ef69e9551b5bf2ea44a90d8feb31f74/json HTTP/1.1" 200 None ]
[07/06/2019 19:55:52] [DEBUG] [_make_request] [connectionpool.py, http://localhost:None "GET /v1.35/images/68fe508b6ef48a6dd7fce038b2166b6f5ef69e9551b5bf2ea44a90d8feb31f74/json HTTP/1.1" 200 None ]
[07/06/2019 19:55:52] [DEBUG] [_make_request] [connectionpool.py, http://localhost:None "GET /v1.35/images/68fe508b6ef48a6dd7fce038b2166b6f5ef69e9551b5bf2ea44a90d8feb31f74/json HTTP/1.1" 200 None ]
[07/06/2019 19:55:52] [DEBUG] [_make_request] [connectionpool.py, http://localhost:None "GET /v1.35/images/68fe508b6ef48a6dd7fce038b2166b6f5ef69e9551b5bf2ea44a90d8feb31f74/json HTTP/1.1" 200 None ]
[07/06/2019 19:55:52] [INFO] [_log] [_internal.py, 127.0.0.1 - - [07/Jun/2019 19:55:52] "GET /docker HTTP/1.1" 200 - ]
